2024-08-20 13:10:00.323 [info] Started local extension host with pid 17741.
2024-08-20 13:10:02.951 [info] [perf] Render performance baseline is 17ms
2024-08-20 13:12:55.921 [error] 
   ParseError 

  syntax error, unexpected end of file

  at routes/web.php:23
     19▕ 
     20▕ Route::get('/kasir/login/',[App\Http\Controllers\authController::class, 'loginView'])->name('loginView');
     21▕ Route::post('/kasir/doLogin/',[App\Http\Controllers\authController::class, 'doLogin'])->name('doLogin');
     22▕ Route::get('/kasir/home/', [App\Http])
  ➜  23▕

      [2m+3 vendor frames [22m

  4   app/Providers/RouteServiceProvider.php:37
      Illuminate\Routing\RouteRegistrar::group()
      [2m+15 vendor frames [22m

  20  [internal]:0
      Illuminate\Foundation\Application::Illuminate\Foundation\{closure}()


2024-08-20 13:13:01.158 [error] [Extension Host] 
   ParseError 

  syntax error, unexpected end of file

  at routes/web.php:23
     19▕ 
     20▕ Route::get('/kasir/login/',[App\Http\Controllers\authController::class, 'loginView'])->name('loginView');
     21▕ Route::post('/kasir/doLogin/',[App\Http\Controllers\authController::class, 'doLogin'])->name('doLogin');
     22▕ Route::get('/kasir/home/', [App\Http\Controllers\layananController])
  ➜  23▕

      [2m+3 vendor frames [22m

  4   app/Providers/RouteServiceProvider.php:37
      Illuminate\Routing\RouteRegistrar::group()
      [2m+15 vendor frames [22m

  20  [internal]:0
      Illuminate\Foundation\Application::Illuminate\Foundation\{closure}()


2024-08-20 13:13:01.456 [error] 
   ParseError 

  syntax error, unexpected token "\", expecting "]"

  at routes/web.php:22
     18▕ });
     19▕ 
     20▕ Route::get('/kasir/login/',[App\Http\Controllers\authController::class, 'loginView'])->name('loginView');
     21▕ Route::post('/kasir/doLogin/',[App\Http\Controllers\authController::class, 'doLogin'])->name('doLogin');
  ➜  22▕ Route::get('/kasir/home/', [App\Http\Controllers\])
     23▕

      [2m+3 vendor frames [22m

  4   app/Providers/RouteServiceProvider.php:37
      Illuminate\Routing\RouteRegistrar::group()
      [2m+15 vendor frames [22m

  20  [internal]:0
      Illuminate\Foundation\Application::Illuminate\Foundation\{closure}()


2024-08-20 13:13:02.161 [error] 
   ParseError 

  syntax error, unexpected end of file

  at routes/web.php:23
     19▕ 
     20▕ Route::get('/kasir/login/',[App\Http\Controllers\authController::class, 'loginView'])->name('loginView');
     21▕ Route::post('/kasir/doLogin/',[App\Http\Controllers\authController::class, 'doLogin'])->name('doLogin');
     22▕ Route::get('/kasir/home/', [App\Http\Controllers\layananController])
  ➜  23▕

      [2m+3 vendor frames [22m

  4   app/Providers/RouteServiceProvider.php:37
      Illuminate\Routing\RouteRegistrar::group()
      [2m+15 vendor frames [22m

  20  [internal]:0
      Illuminate\Foundation\Application::Illuminate\Foundation\{closure}()


2024-08-20 13:13:02.510 [error] Invalid regular expression: /use (.+)[App\Http\Controllers\layananController;/g: Unterminated character class: SyntaxError: Invalid regular expression: /use (.+)[App\Http\Controllers\layananController;/g: Unterminated character class
	at new RegExp (<anonymous>)
	at k.getModelClass (/root/.vscode/extensions/amiralizadeh9480.laravel-extra-intellisense-0.6.6/dist/extension.js:1:155657)
	at k.provideCompletionItems (/root/.vscode/extensions/amiralizadeh9480.laravel-extra-intellisense-0.6.6/dist/extension.js:1:154071)
	at ye.provideCompletionItems (/usr/share/code/resources/app/out/vs/workbench/api/node/extensionHostProcess.js:154:115716)
	at /usr/share/code/resources/app/out/vs/workbench/api/node/extensionHostProcess.js:154:141995
	at De.s (/usr/share/code/resources/app/out/vs/workbench/api/node/extensionHostProcess.js:154:133052)
	at De.$provideCompletionItems (/usr/share/code/resources/app/out/vs/workbench/api/node/extensionHostProcess.js:154:141981)
	at E.S (/usr/share/code/resources/app/out/vs/workbench/api/node/extensionHostProcess.js:151:5980)
	at E.Q (/usr/share/code/resources/app/out/vs/workbench/api/node/extensionHostProcess.js:151:5746)
	at E.M (/usr/share/code/resources/app/out/vs/workbench/api/node/extensionHostProcess.js:151:4739)
	at E.L (/usr/share/code/resources/app/out/vs/workbench/api/node/extensionHostProcess.js:151:3605)
	at i.value (/usr/share/code/resources/app/out/vs/workbench/api/node/extensionHostProcess.js:151:2297)
	at n.B (/usr/share/code/resources/app/out/vs/workbench/api/node/extensionHostProcess.js:83:737)
	at n.fire (/usr/share/code/resources/app/out/vs/workbench/api/node/extensionHostProcess.js:83:954)
	at s.fire (/usr/share/code/resources/app/out/vs/workbench/api/node/extensionHostProcess.js:97:14453)
	at i.value (/usr/share/code/resources/app/out/vs/workbench/api/node/extensionHostProcess.js:177:8655)
	at n.B (/usr/share/code/resources/app/out/vs/workbench/api/node/extensionHostProcess.js:83:737)
	at n.fire (/usr/share/code/resources/app/out/vs/workbench/api/node/extensionHostProcess.js:83:954)
	at s.fire (/usr/share/code/resources/app/out/vs/workbench/api/node/extensionHostProcess.js:97:14453)
	at MessagePortMain.<anonymous> (/usr/share/code/resources/app/out/vs/workbench/api/node/extensionHostProcess.js:177:6781)
	at MessagePortMain.emit (node:events:519:28)
	at MessagePortMain._internalPort.emit (node:electron/js2c/utility_init:2:2285)
2024-08-20 13:13:04.508 [error] Invalid regular expression: /use (.+)[App\Http\Controllers\layananController;/g: Unterminated character class: SyntaxError: Invalid regular expression: /use (.+)[App\Http\Controllers\layananController;/g: Unterminated character class
	at new RegExp (<anonymous>)
	at k.getModelClass (/root/.vscode/extensions/amiralizadeh9480.laravel-extra-intellisense-0.6.6/dist/extension.js:1:155657)
	at k.provideCompletionItems (/root/.vscode/extensions/amiralizadeh9480.laravel-extra-intellisense-0.6.6/dist/extension.js:1:154071)
	at ye.provideCompletionItems (/usr/share/code/resources/app/out/vs/workbench/api/node/extensionHostProcess.js:154:115716)
	at /usr/share/code/resources/app/out/vs/workbench/api/node/extensionHostProcess.js:154:141995
	at De.s (/usr/share/code/resources/app/out/vs/workbench/api/node/extensionHostProcess.js:154:133052)
	at De.$provideCompletionItems (/usr/share/code/resources/app/out/vs/workbench/api/node/extensionHostProcess.js:154:141981)
	at E.S (/usr/share/code/resources/app/out/vs/workbench/api/node/extensionHostProcess.js:151:5980)
	at E.Q (/usr/share/code/resources/app/out/vs/workbench/api/node/extensionHostProcess.js:151:5746)
	at E.M (/usr/share/code/resources/app/out/vs/workbench/api/node/extensionHostProcess.js:151:4739)
	at E.L (/usr/share/code/resources/app/out/vs/workbench/api/node/extensionHostProcess.js:151:3605)
	at i.value (/usr/share/code/resources/app/out/vs/workbench/api/node/extensionHostProcess.js:151:2297)
	at n.B (/usr/share/code/resources/app/out/vs/workbench/api/node/extensionHostProcess.js:83:737)
	at n.fire (/usr/share/code/resources/app/out/vs/workbench/api/node/extensionHostProcess.js:83:954)
	at s.fire (/usr/share/code/resources/app/out/vs/workbench/api/node/extensionHostProcess.js:97:14453)
	at i.value (/usr/share/code/resources/app/out/vs/workbench/api/node/extensionHostProcess.js:177:8655)
	at n.B (/usr/share/code/resources/app/out/vs/workbench/api/node/extensionHostProcess.js:83:737)
	at n.fire (/usr/share/code/resources/app/out/vs/workbench/api/node/extensionHostProcess.js:83:954)
	at s.fire (/usr/share/code/resources/app/out/vs/workbench/api/node/extensionHostProcess.js:97:14453)
	at MessagePortMain.<anonymous> (/usr/share/code/resources/app/out/vs/workbench/api/node/extensionHostProcess.js:177:6781)
	at MessagePortMain.emit (node:events:519:28)
	at MessagePortMain._internalPort.emit (node:electron/js2c/utility_init:2:2285)
2024-08-20 13:13:06.896 [error] 
   ParseError 

  syntax error, unexpected end of file

  at routes/web.php:23
     19▕ 
     20▕ Route::get('/kasir/login/',[App\Http\Controllers\authController::class, 'loginView'])->name('loginView');
     21▕ Route::post('/kasir/doLogin/',[App\Http\Controllers\authController::class, 'doLogin'])->name('doLogin');
     22▕ Route::get('/kasir/home/', [App\Http\Controllers\layananController])
  ➜  23▕

      [2m+3 vendor frames [22m

  4   app/Providers/RouteServiceProvider.php:37
      Illuminate\Routing\RouteRegistrar::group()
      [2m+15 vendor frames [22m

  20  [internal]:0
      Illuminate\Foundation\Application::Illuminate\Foundation\{closure}()


2024-08-20 13:13:13.375 [error] 
   ParseError 

  syntax error, unexpected end of file

  at routes/web.php:23
     19▕ 
     20▕ Route::get('/kasir/login/',[App\Http\Controllers\authController::class, 'loginView'])->name('loginView');
     21▕ Route::post('/kasir/doLogin/',[App\Http\Controllers\authController::class, 'doLogin'])->name('doLogin');
     22▕ Route::get('/kasir/home/', [App\Http\Controllers\layananController::class, 'home'])
  ➜  23▕

      [2m+3 vendor frames [22m

  4   app/Providers/RouteServiceProvider.php:37
      Illuminate\Routing\RouteRegistrar::group()
      [2m+15 vendor frames [22m

  20  [internal]:0
      Illuminate\Foundation\Application::Illuminate\Foundation\{closure}()


2024-08-20 13:13:21.236 [error] Invalid regular expression: /use (.+)[App\Http\Controllers\layananController;/g: Unterminated character class: SyntaxError: Invalid regular expression: /use (.+)[App\Http\Controllers\layananController;/g: Unterminated character class
	at new RegExp (<anonymous>)
	at k.getModelClass (/root/.vscode/extensions/amiralizadeh9480.laravel-extra-intellisense-0.6.6/dist/extension.js:1:155657)
	at k.provideCompletionItems (/root/.vscode/extensions/amiralizadeh9480.laravel-extra-intellisense-0.6.6/dist/extension.js:1:154071)
	at ye.provideCompletionItems (/usr/share/code/resources/app/out/vs/workbench/api/node/extensionHostProcess.js:154:115716)
	at /usr/share/code/resources/app/out/vs/workbench/api/node/extensionHostProcess.js:154:141995
	at De.s (/usr/share/code/resources/app/out/vs/workbench/api/node/extensionHostProcess.js:154:133052)
	at De.$provideCompletionItems (/usr/share/code/resources/app/out/vs/workbench/api/node/extensionHostProcess.js:154:141981)
	at E.S (/usr/share/code/resources/app/out/vs/workbench/api/node/extensionHostProcess.js:151:5980)
	at E.Q (/usr/share/code/resources/app/out/vs/workbench/api/node/extensionHostProcess.js:151:5746)
	at E.M (/usr/share/code/resources/app/out/vs/workbench/api/node/extensionHostProcess.js:151:4739)
	at E.L (/usr/share/code/resources/app/out/vs/workbench/api/node/extensionHostProcess.js:151:3605)
	at i.value (/usr/share/code/resources/app/out/vs/workbench/api/node/extensionHostProcess.js:151:2297)
	at n.B (/usr/share/code/resources/app/out/vs/workbench/api/node/extensionHostProcess.js:83:737)
	at n.fire (/usr/share/code/resources/app/out/vs/workbench/api/node/extensionHostProcess.js:83:954)
	at s.fire (/usr/share/code/resources/app/out/vs/workbench/api/node/extensionHostProcess.js:97:14453)
	at i.value (/usr/share/code/resources/app/out/vs/workbench/api/node/extensionHostProcess.js:177:8655)
	at n.B (/usr/share/code/resources/app/out/vs/workbench/api/node/extensionHostProcess.js:83:737)
	at n.fire (/usr/share/code/resources/app/out/vs/workbench/api/node/extensionHostProcess.js:83:954)
	at s.fire (/usr/share/code/resources/app/out/vs/workbench/api/node/extensionHostProcess.js:97:14453)
	at MessagePortMain.<anonymous> (/usr/share/code/resources/app/out/vs/workbench/api/node/extensionHostProcess.js:177:6781)
	at MessagePortMain.emit (node:events:519:28)
	at MessagePortMain._internalPort.emit (node:electron/js2c/utility_init:2:2285)
