2024-08-20 11:21:45.851 [info] Started local extension host with pid 6311.
2024-08-20 11:21:49.397 [info] [perf] Render performance baseline is 26ms
2024-08-20 11:50:21.587 [error] [onecentlin.laravel5-snippets]: Unknown language in `contributes.laravel5-snippets.language`. Provided value: blade
2024-08-20 11:51:59.097 [error] [Extension Host] PHP Parse error:  syntax error, unexpected variable "$prote", expecting "function" or "const" in /home/rafiahfa/Desktop/praktikum-laravel/app/Models/statusPemesanan.php on line 12

2024-08-20 12:17:45.014 [error] Invalid regular expression: /use (.+)[App\Controllers\authController;/g: Unterminated character class: SyntaxError: Invalid regular expression: /use (.+)[App\Controllers\authController;/g: Unterminated character class
	at new RegExp (<anonymous>)
	at k.getModelClass (/root/.vscode/extensions/amiralizadeh9480.laravel-extra-intellisense-0.6.6/dist/extension.js:1:155657)
	at k.provideCompletionItems (/root/.vscode/extensions/amiralizadeh9480.laravel-extra-intellisense-0.6.6/dist/extension.js:1:154071)
	at ye.provideCompletionItems (/usr/share/code/resources/app/out/vs/workbench/api/node/extensionHostProcess.js:154:115716)
	at /usr/share/code/resources/app/out/vs/workbench/api/node/extensionHostProcess.js:154:141995
	at De.s (/usr/share/code/resources/app/out/vs/workbench/api/node/extensionHostProcess.js:154:133052)
	at De.$provideCompletionItems (/usr/share/code/resources/app/out/vs/workbench/api/node/extensionHostProcess.js:154:141981)
	at E.S (/usr/share/code/resources/app/out/vs/workbench/api/node/extensionHostProcess.js:151:5980)
	at E.Q (/usr/share/code/resources/app/out/vs/workbench/api/node/extensionHostProcess.js:151:5746)
	at E.M (/usr/share/code/resources/app/out/vs/workbench/api/node/extensionHostProcess.js:151:4739)
	at E.L (/usr/share/code/resources/app/out/vs/workbench/api/node/extensionHostProcess.js:151:3605)
	at i.value (/usr/share/code/resources/app/out/vs/workbench/api/node/extensionHostProcess.js:151:2297)
	at n.B (/usr/share/code/resources/app/out/vs/workbench/api/node/extensionHostProcess.js:83:737)
	at n.fire (/usr/share/code/resources/app/out/vs/workbench/api/node/extensionHostProcess.js:83:954)
	at s.fire (/usr/share/code/resources/app/out/vs/workbench/api/node/extensionHostProcess.js:97:14453)
	at i.value (/usr/share/code/resources/app/out/vs/workbench/api/node/extensionHostProcess.js:177:8655)
	at n.B (/usr/share/code/resources/app/out/vs/workbench/api/node/extensionHostProcess.js:83:737)
	at n.fire (/usr/share/code/resources/app/out/vs/workbench/api/node/extensionHostProcess.js:83:954)
	at s.fire (/usr/share/code/resources/app/out/vs/workbench/api/node/extensionHostProcess.js:97:14453)
	at MessagePortMain.<anonymous> (/usr/share/code/resources/app/out/vs/workbench/api/node/extensionHostProcess.js:177:6781)
	at MessagePortMain.emit (node:events:519:28)
	at MessagePortMain._internalPort.emit (node:electron/js2c/utility_init:2:2285)
2024-08-20 12:17:46.680 [error] Invalid regular expression: /use (.+)[App\Controllers\authController;/g: Unterminated character class: SyntaxError: Invalid regular expression: /use (.+)[App\Controllers\authController;/g: Unterminated character class
	at new RegExp (<anonymous>)
	at k.getModelClass (/root/.vscode/extensions/amiralizadeh9480.laravel-extra-intellisense-0.6.6/dist/extension.js:1:155657)
	at k.provideCompletionItems (/root/.vscode/extensions/amiralizadeh9480.laravel-extra-intellisense-0.6.6/dist/extension.js:1:154071)
	at ye.provideCompletionItems (/usr/share/code/resources/app/out/vs/workbench/api/node/extensionHostProcess.js:154:115716)
	at /usr/share/code/resources/app/out/vs/workbench/api/node/extensionHostProcess.js:154:141995
	at De.s (/usr/share/code/resources/app/out/vs/workbench/api/node/extensionHostProcess.js:154:133052)
	at De.$provideCompletionItems (/usr/share/code/resources/app/out/vs/workbench/api/node/extensionHostProcess.js:154:141981)
	at E.S (/usr/share/code/resources/app/out/vs/workbench/api/node/extensionHostProcess.js:151:5980)
	at E.Q (/usr/share/code/resources/app/out/vs/workbench/api/node/extensionHostProcess.js:151:5746)
	at E.M (/usr/share/code/resources/app/out/vs/workbench/api/node/extensionHostProcess.js:151:4739)
	at E.L (/usr/share/code/resources/app/out/vs/workbench/api/node/extensionHostProcess.js:151:3605)
	at i.value (/usr/share/code/resources/app/out/vs/workbench/api/node/extensionHostProcess.js:151:2297)
	at n.B (/usr/share/code/resources/app/out/vs/workbench/api/node/extensionHostProcess.js:83:737)
	at n.fire (/usr/share/code/resources/app/out/vs/workbench/api/node/extensionHostProcess.js:83:954)
	at s.fire (/usr/share/code/resources/app/out/vs/workbench/api/node/extensionHostProcess.js:97:14453)
	at i.value (/usr/share/code/resources/app/out/vs/workbench/api/node/extensionHostProcess.js:177:8655)
	at n.B (/usr/share/code/resources/app/out/vs/workbench/api/node/extensionHostProcess.js:83:737)
	at n.fire (/usr/share/code/resources/app/out/vs/workbench/api/node/extensionHostProcess.js:83:954)
	at s.fire (/usr/share/code/resources/app/out/vs/workbench/api/node/extensionHostProcess.js:97:14453)
	at MessagePortMain.<anonymous> (/usr/share/code/resources/app/out/vs/workbench/api/node/extensionHostProcess.js:177:6781)
	at MessagePortMain.emit (node:events:519:28)
	at MessagePortMain._internalPort.emit (node:electron/js2c/utility_init:2:2285)
2024-08-20 12:19:00.833 [error] Invalid regular expression: /use (.+)[App\Controllers\authController;/g: Unterminated character class: SyntaxError: Invalid regular expression: /use (.+)[App\Controllers\authController;/g: Unterminated character class
	at new RegExp (<anonymous>)
	at k.getModelClass (/root/.vscode/extensions/amiralizadeh9480.laravel-extra-intellisense-0.6.6/dist/extension.js:1:155657)
	at k.provideCompletionItems (/root/.vscode/extensions/amiralizadeh9480.laravel-extra-intellisense-0.6.6/dist/extension.js:1:154071)
	at ye.provideCompletionItems (/usr/share/code/resources/app/out/vs/workbench/api/node/extensionHostProcess.js:154:115716)
	at /usr/share/code/resources/app/out/vs/workbench/api/node/extensionHostProcess.js:154:141995
	at De.s (/usr/share/code/resources/app/out/vs/workbench/api/node/extensionHostProcess.js:154:133052)
	at De.$provideCompletionItems (/usr/share/code/resources/app/out/vs/workbench/api/node/extensionHostProcess.js:154:141981)
	at E.S (/usr/share/code/resources/app/out/vs/workbench/api/node/extensionHostProcess.js:151:5980)
	at E.Q (/usr/share/code/resources/app/out/vs/workbench/api/node/extensionHostProcess.js:151:5746)
	at E.M (/usr/share/code/resources/app/out/vs/workbench/api/node/extensionHostProcess.js:151:4739)
	at E.L (/usr/share/code/resources/app/out/vs/workbench/api/node/extensionHostProcess.js:151:3605)
	at i.value (/usr/share/code/resources/app/out/vs/workbench/api/node/extensionHostProcess.js:151:2297)
	at n.B (/usr/share/code/resources/app/out/vs/workbench/api/node/extensionHostProcess.js:83:737)
	at n.fire (/usr/share/code/resources/app/out/vs/workbench/api/node/extensionHostProcess.js:83:954)
	at s.fire (/usr/share/code/resources/app/out/vs/workbench/api/node/extensionHostProcess.js:97:14453)
	at i.value (/usr/share/code/resources/app/out/vs/workbench/api/node/extensionHostProcess.js:177:8655)
	at n.B (/usr/share/code/resources/app/out/vs/workbench/api/node/extensionHostProcess.js:83:737)
	at n.fire (/usr/share/code/resources/app/out/vs/workbench/api/node/extensionHostProcess.js:83:954)
	at s.fire (/usr/share/code/resources/app/out/vs/workbench/api/node/extensionHostProcess.js:97:14453)
	at MessagePortMain.<anonymous> (/usr/share/code/resources/app/out/vs/workbench/api/node/extensionHostProcess.js:177:6781)
	at MessagePortMain.emit (node:events:519:28)
	at MessagePortMain._internalPort.emit (node:electron/js2c/utility_init:2:2285)
2024-08-20 12:19:02.428 [error] Invalid regular expression: /use (.+)[App\Controllers\authController;/g: Unterminated character class: SyntaxError: Invalid regular expression: /use (.+)[App\Controllers\authController;/g: Unterminated character class
	at new RegExp (<anonymous>)
	at k.getModelClass (/root/.vscode/extensions/amiralizadeh9480.laravel-extra-intellisense-0.6.6/dist/extension.js:1:155657)
	at k.provideCompletionItems (/root/.vscode/extensions/amiralizadeh9480.laravel-extra-intellisense-0.6.6/dist/extension.js:1:154071)
	at ye.provideCompletionItems (/usr/share/code/resources/app/out/vs/workbench/api/node/extensionHostProcess.js:154:115716)
	at /usr/share/code/resources/app/out/vs/workbench/api/node/extensionHostProcess.js:154:141995
	at De.s (/usr/share/code/resources/app/out/vs/workbench/api/node/extensionHostProcess.js:154:133052)
	at De.$provideCompletionItems (/usr/share/code/resources/app/out/vs/workbench/api/node/extensionHostProcess.js:154:141981)
	at E.S (/usr/share/code/resources/app/out/vs/workbench/api/node/extensionHostProcess.js:151:5980)
	at E.Q (/usr/share/code/resources/app/out/vs/workbench/api/node/extensionHostProcess.js:151:5746)
	at E.M (/usr/share/code/resources/app/out/vs/workbench/api/node/extensionHostProcess.js:151:4739)
	at E.L (/usr/share/code/resources/app/out/vs/workbench/api/node/extensionHostProcess.js:151:3605)
	at i.value (/usr/share/code/resources/app/out/vs/workbench/api/node/extensionHostProcess.js:151:2297)
	at n.B (/usr/share/code/resources/app/out/vs/workbench/api/node/extensionHostProcess.js:83:737)
	at n.fire (/usr/share/code/resources/app/out/vs/workbench/api/node/extensionHostProcess.js:83:954)
	at s.fire (/usr/share/code/resources/app/out/vs/workbench/api/node/extensionHostProcess.js:97:14453)
	at i.value (/usr/share/code/resources/app/out/vs/workbench/api/node/extensionHostProcess.js:177:8655)
	at n.B (/usr/share/code/resources/app/out/vs/workbench/api/node/extensionHostProcess.js:83:737)
	at n.fire (/usr/share/code/resources/app/out/vs/workbench/api/node/extensionHostProcess.js:83:954)
	at s.fire (/usr/share/code/resources/app/out/vs/workbench/api/node/extensionHostProcess.js:97:14453)
	at MessagePortMain.<anonymous> (/usr/share/code/resources/app/out/vs/workbench/api/node/extensionHostProcess.js:177:6781)
	at MessagePortMain.emit (node:events:519:28)
	at MessagePortMain._internalPort.emit (node:electron/js2c/utility_init:2:2285)
2024-08-20 12:19:06.304 [error] 
   Error 

  Undefined constant "App\Controllers\authController"

  at routes/web.php:20
     16▕ Route::get('/', function () {
     17▕     return view('welcome');
     18▕ });
     19▕ 
  ➜  20▕ Route::get('/kasir/login',[App\Controllers\authController])->name('loginView');
     21▕

      [2m+4 vendor frames [22m

  5   app/Providers/RouteServiceProvider.php:37
      Illuminate\Routing\RouteRegistrar::group()
      [2m+15 vendor frames [22m

  21  [internal]:0
      Illuminate\Foundation\Application::Illuminate\Foundation\{closure}()


2024-08-20 12:59:23.665 [error] Cannot read properties of undefined (reading 'toLowerCase'): TypeError: Cannot read properties of undefined (reading 'toLowerCase')
    at new r (vscode-file://vscode-app/usr/share/code/resources/app/out/vs/workbench/workbench.desktop.main.js:689:26797)
    at Y (vscode-file://vscode-app/usr/share/code/resources/app/out/vs/workbench/workbench.desktop.main.js:689:29673)
    at vscode-file://vscode-app/usr/share/code/resources/app/out/vs/workbench/workbench.desktop.main.js:689:30481
    at async Promise.all (index 1)
    at async T (vscode-file://vscode-app/usr/share/code/resources/app/out/vs/workbench/workbench.desktop.main.js:689:30191)
    at async Promise.all (index 0)
2024-08-20 12:59:27.794 [error] Cannot read properties of undefined (reading 'toLowerCase'): TypeError: Cannot read properties of undefined (reading 'toLowerCase')
    at new r (vscode-file://vscode-app/usr/share/code/resources/app/out/vs/workbench/workbench.desktop.main.js:689:26797)
    at Y (vscode-file://vscode-app/usr/share/code/resources/app/out/vs/workbench/workbench.desktop.main.js:689:29673)
    at vscode-file://vscode-app/usr/share/code/resources/app/out/vs/workbench/workbench.desktop.main.js:689:30481
    at async Promise.all (index 1)
    at async T (vscode-file://vscode-app/usr/share/code/resources/app/out/vs/workbench/workbench.desktop.main.js:689:30191)
    at async Promise.all (index 0)
2024-08-20 12:59:29.108 [error] Cannot read properties of undefined (reading 'toLowerCase'): TypeError: Cannot read properties of undefined (reading 'toLowerCase')
    at new r (vscode-file://vscode-app/usr/share/code/resources/app/out/vs/workbench/workbench.desktop.main.js:689:26797)
    at Y (vscode-file://vscode-app/usr/share/code/resources/app/out/vs/workbench/workbench.desktop.main.js:689:29673)
    at vscode-file://vscode-app/usr/share/code/resources/app/out/vs/workbench/workbench.desktop.main.js:689:30481
    at async Promise.all (index 1)
    at async T (vscode-file://vscode-app/usr/share/code/resources/app/out/vs/workbench/workbench.desktop.main.js:689:30191)
    at async Promise.all (index 0)
2024-08-20 13:01:01.269 [error] Cannot read properties of undefined (reading 'toLowerCase'): TypeError: Cannot read properties of undefined (reading 'toLowerCase')
    at new r (vscode-file://vscode-app/usr/share/code/resources/app/out/vs/workbench/workbench.desktop.main.js:689:26797)
    at Y (vscode-file://vscode-app/usr/share/code/resources/app/out/vs/workbench/workbench.desktop.main.js:689:29673)
    at vscode-file://vscode-app/usr/share/code/resources/app/out/vs/workbench/workbench.desktop.main.js:689:30481
    at async Promise.all (index 1)
    at async T (vscode-file://vscode-app/usr/share/code/resources/app/out/vs/workbench/workbench.desktop.main.js:689:30191)
    at async Promise.all (index 0)
2024-08-20 13:01:10.896 [error] Cannot read properties of undefined (reading 'toLowerCase'): TypeError: Cannot read properties of undefined (reading 'toLowerCase')
    at new r (vscode-file://vscode-app/usr/share/code/resources/app/out/vs/workbench/workbench.desktop.main.js:689:26797)
    at Y (vscode-file://vscode-app/usr/share/code/resources/app/out/vs/workbench/workbench.desktop.main.js:689:29673)
    at vscode-file://vscode-app/usr/share/code/resources/app/out/vs/workbench/workbench.desktop.main.js:689:30481
    at async Promise.all (index 1)
    at async T (vscode-file://vscode-app/usr/share/code/resources/app/out/vs/workbench/workbench.desktop.main.js:689:30191)
    at async Promise.all (index 0)
2024-08-20 13:01:24.952 [error] Cannot read properties of undefined (reading 'toLowerCase'): TypeError: Cannot read properties of undefined (reading 'toLowerCase')
    at new r (vscode-file://vscode-app/usr/share/code/resources/app/out/vs/workbench/workbench.desktop.main.js:689:26797)
    at Y (vscode-file://vscode-app/usr/share/code/resources/app/out/vs/workbench/workbench.desktop.main.js:689:29673)
    at vscode-file://vscode-app/usr/share/code/resources/app/out/vs/workbench/workbench.desktop.main.js:689:30481
    at async Promise.all (index 1)
    at async T (vscode-file://vscode-app/usr/share/code/resources/app/out/vs/workbench/workbench.desktop.main.js:689:30191)
    at async Promise.all (index 0)
2024-08-20 13:01:33.817 [error] Cannot read properties of undefined (reading 'toLowerCase'): TypeError: Cannot read properties of undefined (reading 'toLowerCase')
    at new r (vscode-file://vscode-app/usr/share/code/resources/app/out/vs/workbench/workbench.desktop.main.js:689:26797)
    at Y (vscode-file://vscode-app/usr/share/code/resources/app/out/vs/workbench/workbench.desktop.main.js:689:29673)
    at vscode-file://vscode-app/usr/share/code/resources/app/out/vs/workbench/workbench.desktop.main.js:689:30481
    at async Promise.all (index 1)
    at async T (vscode-file://vscode-app/usr/share/code/resources/app/out/vs/workbench/workbench.desktop.main.js:689:30191)
    at async Promise.all (index 0)
2024-08-20 13:01:40.025 [error] Cannot read properties of undefined (reading 'toLowerCase'): TypeError: Cannot read properties of undefined (reading 'toLowerCase')
    at new r (vscode-file://vscode-app/usr/share/code/resources/app/out/vs/workbench/workbench.desktop.main.js:689:26797)
    at Y (vscode-file://vscode-app/usr/share/code/resources/app/out/vs/workbench/workbench.desktop.main.js:689:29673)
    at vscode-file://vscode-app/usr/share/code/resources/app/out/vs/workbench/workbench.desktop.main.js:689:30481
    at async Promise.all (index 1)
    at async T (vscode-file://vscode-app/usr/share/code/resources/app/out/vs/workbench/workbench.desktop.main.js:689:30191)
    at async Promise.all (index 0)
2024-08-20 13:01:48.759 [error] Cannot read properties of undefined (reading 'toLowerCase'): TypeError: Cannot read properties of undefined (reading 'toLowerCase')
    at new r (vscode-file://vscode-app/usr/share/code/resources/app/out/vs/workbench/workbench.desktop.main.js:689:26797)
    at Y (vscode-file://vscode-app/usr/share/code/resources/app/out/vs/workbench/workbench.desktop.main.js:689:29673)
    at vscode-file://vscode-app/usr/share/code/resources/app/out/vs/workbench/workbench.desktop.main.js:689:30481
    at async Promise.all (index 1)
    at async T (vscode-file://vscode-app/usr/share/code/resources/app/out/vs/workbench/workbench.desktop.main.js:689:30191)
    at async Promise.all (index 0)
2024-08-20 13:01:50.876 [error] Cannot read properties of undefined (reading 'toLowerCase'): TypeError: Cannot read properties of undefined (reading 'toLowerCase')
    at new r (vscode-file://vscode-app/usr/share/code/resources/app/out/vs/workbench/workbench.desktop.main.js:689:26797)
    at Y (vscode-file://vscode-app/usr/share/code/resources/app/out/vs/workbench/workbench.desktop.main.js:689:29673)
    at vscode-file://vscode-app/usr/share/code/resources/app/out/vs/workbench/workbench.desktop.main.js:689:30481
    at async Promise.all (index 1)
    at async T (vscode-file://vscode-app/usr/share/code/resources/app/out/vs/workbench/workbench.desktop.main.js:689:30191)
    at async Promise.all (index 0)
2024-08-20 13:01:52.672 [error] Cannot read properties of undefined (reading 'toLowerCase'): TypeError: Cannot read properties of undefined (reading 'toLowerCase')
    at new r (vscode-file://vscode-app/usr/share/code/resources/app/out/vs/workbench/workbench.desktop.main.js:689:26797)
    at Y (vscode-file://vscode-app/usr/share/code/resources/app/out/vs/workbench/workbench.desktop.main.js:689:29673)
    at vscode-file://vscode-app/usr/share/code/resources/app/out/vs/workbench/workbench.desktop.main.js:689:30481
    at async Promise.all (index 1)
    at async T (vscode-file://vscode-app/usr/share/code/resources/app/out/vs/workbench/workbench.desktop.main.js:689:30191)
    at async Promise.all (index 0)
