2024-08-20 13:10:01.262 [info] [main] Log level: Info
2024-08-20 13:10:01.262 [info] [main] Validating found git in: "git"
2024-08-20 13:10:01.262 [info] [main] Using git "2.34.1" from "git"
2024-08-20 13:10:01.262 [info] [Model][doInitialScan] Initial repository scan started
2024-08-20 13:10:01.262 [info] > git rev-parse --show-toplevel [7ms]
2024-08-20 13:10:01.262 [info] fatal: not a git repository (or any of the parent directories): .git
2024-08-20 13:10:01.262 [info] > git rev-parse --show-toplevel [3ms]
2024-08-20 13:10:01.262 [info] fatal: not a git repository (or any of the parent directories): .git
2024-08-20 13:10:01.262 [info] > git rev-parse --show-toplevel [1ms]
2024-08-20 13:10:01.262 [info] fatal: not a git repository (or any of the parent directories): .git
2024-08-20 13:10:01.262 [info] > git rev-parse --show-toplevel [1ms]
2024-08-20 13:10:01.262 [info] fatal: not a git repository (or any of the parent directories): .git
2024-08-20 13:10:01.262 [info] > git rev-parse --show-toplevel [0ms]
2024-08-20 13:10:01.262 [info] fatal: not a git repository (or any of the parent directories): .git
2024-08-20 13:10:01.262 [info] > git rev-parse --show-toplevel [1ms]
2024-08-20 13:10:01.262 [info] fatal: not a git repository (or any of the parent directories): .git
2024-08-20 13:10:01.262 [info] > git rev-parse --show-toplevel [1ms]
2024-08-20 13:10:01.262 [info] fatal: not a git repository (or any of the parent directories): .git
2024-08-20 13:10:01.262 [info] > git rev-parse --show-toplevel [0ms]
2024-08-20 13:10:01.262 [info] fatal: not a git repository (or any of the parent directories): .git
2024-08-20 13:10:01.262 [info] > git rev-parse --show-toplevel [1ms]
2024-08-20 13:10:01.262 [info] fatal: not a git repository (or any of the parent directories): .git
2024-08-20 13:10:01.262 [info] > git rev-parse --show-toplevel [1ms]
2024-08-20 13:10:01.262 [info] fatal: not a git repository (or any of the parent directories): .git
2024-08-20 13:10:01.262 [info] > git rev-parse --show-toplevel [1ms]
2024-08-20 13:10:01.262 [info] fatal: not a git repository (or any of the parent directories): .git
2024-08-20 13:10:01.262 [info] > git rev-parse --show-toplevel [1ms]
2024-08-20 13:10:01.262 [info] fatal: not a git repository (or any of the parent directories): .git
2024-08-20 13:10:01.262 [info] > git rev-parse --show-toplevel [0ms]
2024-08-20 13:10:01.262 [info] fatal: not a git repository (or any of the parent directories): .git
2024-08-20 13:10:01.262 [info] [Model][doInitialScan] Initial repository scan completed - repositories (0), closed repositories (0), parent repositories (0), unsafe repositories (0)
2024-08-20 13:10:02.281 [info] > git rev-parse --show-toplevel [0ms]
2024-08-20 13:10:02.281 [info] fatal: not a git repository (or any of the parent directories): .git
2024-08-20 13:10:02.830 [info] > git rev-parse --show-toplevel [0ms]
2024-08-20 13:10:02.830 [info] fatal: not a git repository (or any of the parent directories): .git
2024-08-20 13:10:38.768 [info] > git rev-parse --show-toplevel [1ms]
2024-08-20 13:10:38.768 [info] fatal: not a git repository (or any of the parent directories): .git
2024-08-20 13:10:40.095 [info] > git rev-parse --show-toplevel [1ms]
2024-08-20 13:10:40.095 [info] fatal: not a git repository (or any of the parent directories): .git
2024-08-20 13:10:42.329 [info] > git rev-parse --show-toplevel [0ms]
2024-08-20 13:10:42.329 [info] fatal: not a git repository (or any of the parent directories): .git
2024-08-20 13:10:43.101 [info] > git rev-parse --show-toplevel [1ms]
2024-08-20 13:10:43.101 [info] fatal: not a git repository (or any of the parent directories): .git
2024-08-20 13:10:43.929 [info] > git rev-parse --show-toplevel [1ms]
2024-08-20 13:10:43.929 [info] fatal: not a git repository (or any of the parent directories): .git
2024-08-20 13:11:49.271 [info] > git rev-parse --show-toplevel [1ms]
2024-08-20 13:11:49.271 [info] fatal: not a git repository (or any of the parent directories): .git
2024-08-20 13:11:50.974 [info] > git rev-parse --show-toplevel [1ms]
2024-08-20 13:11:50.974 [info] fatal: not a git repository (or any of the parent directories): .git
2024-08-20 13:12:11.691 [info] > git rev-parse --show-toplevel [1ms]
2024-08-20 13:12:11.691 [info] fatal: not a git repository (or any of the parent directories): .git
2024-08-20 13:12:12.638 [info] > git rev-parse --show-toplevel [0ms]
2024-08-20 13:12:12.638 [info] fatal: not a git repository (or any of the parent directories): .git
2024-08-20 13:12:23.710 [info] > git rev-parse --show-toplevel [1ms]
2024-08-20 13:12:23.710 [info] fatal: not a git repository (or any of the parent directories): .git
2024-08-20 13:14:20.973 [info] > git rev-parse --show-toplevel [1ms]
2024-08-20 13:14:20.973 [info] fatal: not a git repository (or any of the parent directories): .git
2024-08-20 13:14:30.334 [info] > git rev-parse --show-toplevel [1ms]
2024-08-20 13:14:30.334 [info] fatal: not a git repository (or any of the parent directories): .git
2024-08-20 13:14:34.064 [info] > git rev-parse --show-toplevel [1ms]
2024-08-20 13:14:34.064 [info] fatal: not a git repository (or any of the parent directories): .git
2024-08-20 13:14:40.723 [info] > git rev-parse --show-toplevel [1ms]
2024-08-20 13:14:40.723 [info] fatal: not a git repository (or any of the parent directories): .git
2024-08-20 13:14:47.096 [info] > git rev-parse --show-toplevel [1ms]
2024-08-20 13:14:47.096 [info] fatal: not a git repository (or any of the parent directories): .git
2024-08-20 13:14:56.058 [info] > git rev-parse --show-toplevel [0ms]
2024-08-20 13:14:56.058 [info] fatal: not a git repository (or any of the parent directories): .git
2024-08-20 13:15:01.846 [info] > git rev-parse --show-toplevel [0ms]
2024-08-20 13:15:01.846 [info] fatal: not a git repository (or any of the parent directories): .git
2024-08-20 13:15:03.981 [info] > git rev-parse --show-toplevel [0ms]
2024-08-20 13:15:03.981 [info] fatal: not a git repository (or any of the parent directories): .git
2024-08-20 13:15:05.925 [info] > git rev-parse --show-toplevel [1ms]
2024-08-20 13:15:05.925 [info] fatal: not a git repository (or any of the parent directories): .git
2024-08-20 13:16:37.381 [info] > git rev-parse --show-toplevel [1ms]
2024-08-20 13:16:37.381 [info] fatal: not a git repository (or any of the parent directories): .git
2024-08-20 13:19:31.490 [info] > git rev-parse --show-toplevel [0ms]
2024-08-20 13:19:31.490 [info] fatal: not a git repository (or any of the parent directories): .git
2024-08-20 13:19:32.061 [info] > git rev-parse --show-toplevel [0ms]
2024-08-20 13:19:32.061 [info] fatal: not a git repository (or any of the parent directories): .git
2024-08-20 13:20:12.266 [info] > git rev-parse --show-toplevel [1ms]
2024-08-20 13:20:12.266 [info] fatal: not a git repository (or any of the parent directories): .git
2024-08-20 13:20:17.408 [info] > git rev-parse --show-toplevel [0ms]
2024-08-20 13:20:17.408 [info] fatal: not a git repository (or any of the parent directories): .git
2024-08-20 13:36:33.172 [info] > git rev-parse --show-toplevel [2ms]
2024-08-20 13:36:33.184 [info] > git rev-parse --git-dir --git-common-dir [2ms]
2024-08-20 13:36:33.188 [info] [Model][openRepository] Opened repository: /home/rafiahfa/Desktop/praktikum-laravel
2024-08-20 13:36:33.195 [info] [Git][getRemotes] No remotes found in the git config file
2024-08-20 13:36:33.201 [info] > git config --get commit.template [9ms]
2024-08-20 13:36:33.203 [info] > git for-each-ref --format=%(refname)%00%(upstream:short)%00%(objectname)%00%(upstream:track)%00%(upstream:remotename)%00%(upstream:remoteref) refs/heads/master refs/remotes/master [9ms]
2024-08-20 13:36:33.203 [warning] [Git][getBranch] No such branch: master
2024-08-20 13:36:33.215 [info] > git status -z -uall [9ms]
2024-08-20 13:36:33.228 [info] > git for-each-ref --format=%(refname)%00%(upstream:short)%00%(objectname)%00%(upstream:track)%00%(upstream:remotename)%00%(upstream:remoteref) refs/heads/master refs/remotes/master [8ms]
2024-08-20 13:36:33.228 [warning] [Git][getBranch] No such branch: master
2024-08-20 13:36:33.230 [info] > git config --get commit.template [2ms]
2024-08-20 13:36:33.232 [info] [Git][getRemotes] No remotes found in the git config file
2024-08-20 13:36:33.235 [info] > git for-each-ref --format=%(refname)%00%(upstream:short)%00%(objectname)%00%(upstream:track)%00%(upstream:remotename)%00%(upstream:remoteref) refs/heads/master refs/remotes/master [1ms]
2024-08-20 13:36:33.235 [warning] [Git][getBranch] No such branch: master
2024-08-20 13:36:33.239 [info] > git status -z -uall [2ms]
2024-08-20 13:36:33.245 [info] > git for-each-ref --format=%(refname)%00%(upstream:short)%00%(objectname)%00%(upstream:track)%00%(upstream:remotename)%00%(upstream:remoteref) refs/heads/master refs/remotes/master [3ms]
2024-08-20 13:36:33.245 [warning] [Git][getBranch] No such branch: master
2024-08-20 13:36:33.742 [info] > git check-ignore -v -z --stdin [2ms]
2024-08-20 13:36:34.471 [info] > git show --textconv :resources/views/home.blade.php [3ms]
2024-08-20 13:36:34.471 [info] > git ls-files --stage -- /home/rafiahfa/Desktop/praktikum-laravel/resources/views/home.blade.php [0ms]
